{"session":"65eef38b01fa","build":"183.4284.148","bucket":"-1","time":1553547609398,"group":{"id":"system.os.name","version":"8"},"event":{"data":{"created":1553547609399},"id":"Windows"}}
{"session":"65eef38b01fa","build":"183.4284.148","bucket":"-1","time":1553547609399,"group":{"id":"system.os.version","version":"8"},"event":{"data":{"created":1553547609409},"id":"10.0"}}
{"session":"65eef38b01fa","build":"183.4284.148","bucket":"-1","time":1553547609399,"group":{"id":"system.jvm.vendor","version":"8"},"event":{"data":{"created":1553547609417},"id":"JetBrains_s.r.o"}}
{"session":"65eef38b01fa","build":"183.4284.148","bucket":"-1","time":1553547609399,"group":{"id":"system.jvm.version","version":"8"},"event":{"data":{"created":1553547609418},"id":"1.8"}}
{"session":"65eef38b01fa","build":"183.4284.148","bucket":"-1","time":1553547609402,"group":{"id":"settings","version":"8"},"event":{"data":{"created":1553547609419,"name":"activeMruEditorOnClose","value":false},"id":"UISettings"}}
{"session":"65eef38b01fa","build":"183.4284.148","bucket":"-1","time":1553547609402,"group":{"id":"settings","version":"8"},"event":{"data":{"created":1553547609419,"name":"activeRightEditorOnClose","value":false},"id":"UISettings"}}
{"session":"65eef38b01fa","build":"183.4284.148","bucket":"-1","time":1553547609402,"group":{"id":"settings","version":"8"},"event":{"data":{"created":1553547609420,"name":"allowMergeButtons","value":true},"id":"UISettings"}}
{"session":"65eef38b01fa","build":"183.4284.148","bucket":"-1","time":1553547609402,"group":{"id":"settings","version":"8"},"event":{"data":{"created":1553547609420,"name":"alwaysShowWindowsButton","value":false},"id":"UISettings"}}
{"session":"65eef38b01fa","build":"183.4284.148","bucket":"-1","time":1553547609402,"group":{"id":"settings","version":"8"},"event":{"data":{"created":1553547609420,"name":"animateWindows","value":true},"id":"UISettings"}}
{"session":"65eef38b01fa","build":"183.4284.148","bucket":"-1","time":1553547609402,"group":{"id":"settings","version":"8"},"event":{"data":{"created":1553547609420,"name":"closeNonModifiedFilesFirst","value":false},"id":"UISettings"}}
{"session":"65eef38b01fa","build":"183.4284.148","bucket":"-1","time":1553547609402,"group":{"id":"settings","version":"8"},"event":{"data":{"created":1553547609421,"name":"closeTabButtonOnTheRight","value":true},"id":"UISettings"}}
{"session":"65eef38b01fa","build":"183.4284.148","bucket":"-1","time":1553547609402,"group":{"id":"settings","version":"8"},"event":{"data":{"created":1553547609421,"name":"cycleScrolling","value":true},"id":"UISettings"}}
{"session":"65eef38b01fa","build":"183.4284.148","bucket":"-1","time":1553547609402,"group":{"id":"settings","version":"8"},"event":{"data":{"created":1553547609421,"name":"defaultAutoScrollToSource","value":false},"id":"UISettings"}}
{"session":"65eef38b01fa","build":"183.4284.148","bucket":"-1","time":1553547609402,"group":{"id":"settings","version":"8"},"event":{"data":{"created":1553547609422,"name":"disableMnemonics","value":false},"id":"UISettings"}}
{"session":"65eef38b01fa","build":"183.4284.148","bucket":"-1","time":1553547609402,"group":{"id":"settings","version":"8"},"event":{"data":{"created":1553547609422,"name":"disableMnemonicsInControls","value":false},"id":"UISettings"}}
{"session":"65eef38b01fa","build":"183.4284.148","bucket":"-1","time":1553547609402,"group":{"id":"settings","version":"8"},"event":{"data":{"created":1553547609422,"name":"dndWithPressedAltOnly","value":false},"id":"UISettings"}}
{"session":"65eef38b01fa","build":"183.4284.148","bucket":"-1","time":1553547609402,"group":{"id":"settings","version":"8"},"event":{"data":{"created":1553547609423,"name":"enableAlphaMode","value":false},"id":"UISettings"}}
{"session":"65eef38b01fa","build":"183.4284.148","bucket":"-1","time":1553547609402,"group":{"id":"settings","version":"8"},"event":{"data":{"created":1553547609423,"name":"hideKnownExtensionInTabs","value":false},"id":"UISettings"}}
{"session":"65eef38b01fa","build":"183.4284.148","bucket":"-1","time":1553547609402,"group":{"id":"settings","version":"8"},"event":{"data":{"created":1553547609423,"name":"hideNavigationOnFocusLoss","value":true},"id":"UISettings"}}
{"session":"65eef38b01fa","build":"183.4284.148","bucket":"-1","time":1553547609402,"group":{"id":"settings","version":"8"},"event":{"data":{"created":1553547609423,"name":"hideTabsIfNeed","value":true},"id":"UISettings"}}
{"session":"65eef38b01fa","build":"183.4284.148","bucket":"-1","time":1553547609402,"group":{"id":"settings","version":"8"},"event":{"data":{"created":1553547609424,"name":"hideToolStripes","value":false},"id":"UISettings"}}
{"session":"65eef38b01fa","build":"183.4284.148","bucket":"-1","time":1553547609402,"group":{"id":"settings","version":"8"},"event":{"data":{"created":1553547609424,"name":"leftHorizontalSplit","value":false},"id":"UISettings"}}
{"session":"65eef38b01fa","build":"183.4284.148","bucket":"-1","time":1553547609402,"group":{"id":"settings","version":"8"},"event":{"data":{"created":1553547609424,"name":"markModifiedTabsWithAsterisk","value":false},"id":"UISettings"}}
{"session":"65eef38b01fa","build":"183.4284.148","bucket":"-1","time":1553547609402,"group":{"id":"settings","version":"8"},"event":{"data":{"created":1553547609425,"name":"mergeEqualStackTraces","value":true},"id":"UISettings"}}
{"session":"65eef38b01fa","build":"183.4284.148","bucket":"-1","time":1553547609402,"group":{"id":"settings","version":"8"},"event":{"data":{"created":1553547609425,"name":"moveMouseOnDefaultButton","value":false},"id":"UISettings"}}
{"session":"65eef38b01fa","build":"183.4284.148","bucket":"-1","time":1553547609402,"group":{"id":"settings","version":"8"},"event":{"data":{"created":1553547609425,"name":"navigateToPreview","value":false},"id":"UISettings"}}
{"session":"65eef38b01fa","build":"183.4284.148","bucket":"-1","time":1553547609402,"group":{"id":"settings","version":"8"},"event":{"data":{"created":1553547609426,"name":"overrideConsoleCycleBufferSize","value":false},"id":"UISettings"}}
{"session":"65eef38b01fa","build":"183.4284.148","bucket":"-1","time":1553547609402,"group":{"id":"settings","version":"8"},"event":{"data":{"created":1553547609426,"name":"overrideLafFonts","value":false},"id":"UISettings"}}
{"session":"65eef38b01fa","build":"183.4284.148","bucket":"-1","time":1553547609402,"group":{"id":"settings","version":"8"},"event":{"data":{"created":1553547609427,"name":"pinFindInPath","value":false},"id":"UISettings"}}
{"session":"65eef38b01fa","build":"183.4284.148","bucket":"-1","time":1553547609402,"group":{"id":"settings","version":"8"},"event":{"data":{"created":1553547609427,"name":"presentationMode","value":false},"id":"UISettings"}}
{"session":"65eef38b01fa","build":"183.4284.148","bucket":"-1","time":1553547609402,"group":{"id":"settings","version":"8"},"event":{"data":{"created":1553547609427,"name":"reuseNotModifiedTabs","value":false},"id":"UISettings"}}
{"session":"65eef38b01fa","build":"183.4284.148","bucket":"-1","time":1553547609402,"group":{"id":"settings","version":"8"},"event":{"data":{"created":1553547609428,"name":"rightHorizontalSplit","value":false},"id":"UISettings"}}
{"session":"65eef38b01fa","build":"183.4284.148","bucket":"-1","time":1553547609402,"group":{"id":"settings","version":"8"},"event":{"data":{"created":1553547609428,"name":"scrollTabLayoutInEditor","value":true},"id":"UISettings"}}
{"session":"65eef38b01fa","build":"183.4284.148","bucket":"-1","time":1553547609402,"group":{"id":"settings","version":"8"},"event":{"data":{"created":1553547609428,"name":"showCloseButton","value":true},"id":"UISettings"}}
{"session":"65eef38b01fa","build":"183.4284.148","bucket":"-1","time":1553547609402,"group":{"id":"settings","version":"8"},"event":{"data":{"created":1553547609429,"name":"showDirectoryForNonUniqueFilenames","value":true},"id":"UISettings"}}
{"session":"65eef38b01fa","build":"183.4284.148","bucket":"-1","time":1553547609402,"group":{"id":"settings","version":"8"},"event":{"data":{"created":1553547609429,"name":"showEditorToolTip","value":true},"id":"UISettings"}}
{"session":"65eef38b01fa","build":"183.4284.148","bucket":"-1","time":1553547609402,"group":{"id":"settings","version":"8"},"event":{"data":{"created":1553547609430,"name":"showIconInQuickNavigation","value":true},"id":"UISettings"}}
{"session":"65eef38b01fa","build":"183.4284.148","bucket":"-1","time":1553547609402,"group":{"id":"settings","version":"8"},"event":{"data":{"created":1553547609430,"name":"showIconsInMenus","value":true},"id":"UISettings"}}
{"session":"65eef38b01fa","build":"183.4284.148","bucket":"-1","time":1553547609402,"group":{"id":"settings","version":"8"},"event":{"data":{"created":1553547609430,"name":"showMainToolbar","value":false},"id":"UISettings"}}
{"session":"65eef38b01fa","build":"183.4284.148","bucket":"-1","time":1553547609402,"group":{"id":"settings","version":"8"},"event":{"data":{"created":1553547609431,"name":"showMemoryIndicator","value":false},"id":"UISettings"}}
{"session":"65eef38b01fa","build":"183.4284.148","bucket":"-1","time":1553547609402,"group":{"id":"settings","version":"8"},"event":{"data":{"created":1553547609431,"name":"showNavigationBar","value":true},"id":"UISettings"}}
{"session":"65eef38b01fa","build":"183.4284.148","bucket":"-1","time":1553547609402,"group":{"id":"settings","version":"8"},"event":{"data":{"created":1553547609431,"name":"showStatusBar","value":true},"id":"UISettings"}}
{"session":"65eef38b01fa","build":"183.4284.148","bucket":"-1","time":1553547609402,"group":{"id":"settings","version":"8"},"event":{"data":{"created":1553547609432,"name":"showTabsTooltips","value":true},"id":"UISettings"}}
{"session":"65eef38b01fa","build":"183.4284.148","bucket":"-1","time":1553547609402,"group":{"id":"settings","version":"8"},"event":{"data":{"created":1553547609432,"name":"showToolWindowsNumbers","value":true},"id":"UISettings"}}
{"session":"65eef38b01fa","build":"183.4284.148","bucket":"-1","time":1553547609402,"group":{"id":"settings","version":"8"},"event":{"data":{"created":1553547609432,"name":"smoothScrolling","value":false},"id":"UISettings"}}
{"session":"65eef38b01fa","build":"183.4284.148","bucket":"-1","time":1553547609402,"group":{"id":"settings","version":"8"},"event":{"data":{"created":1553547609433,"name":"sortBookmarks","value":false},"id":"UISettings"}}
{"session":"65eef38b01fa","build":"183.4284.148","bucket":"-1","time":1553547609402,"group":{"id":"settings","version":"8"},"event":{"data":{"created":1553547609433,"name":"sortLookupElementsLexicographically","value":false},"id":"UISettings"}}
{"session":"65eef38b01fa","build":"183.4284.148","bucket":"-1","time":1553547609402,"group":{"id":"settings","version":"8"},"event":{"data":{"created":1553547609433,"name":"useSmallLabelsOnTabs","value":false},"id":"UISettings"}}
{"session":"65eef38b01fa","build":"183.4284.148","bucket":"-1","time":1553547609402,"group":{"id":"settings","version":"8"},"event":{"data":{"created":1553547609433,"name":"wideScreenSupport","value":false},"id":"UISettings"}}
{"session":"65eef38b01fa","build":"183.4284.148","bucket":"-1","time":1553547609947,"group":{"id":"settings","version":"8"},"event":{"data":{"created":1553547609947,"name":"autoSaveIfInactive","value":false},"id":"GeneralSettings"}}
{"session":"65eef38b01fa","build":"183.4284.148","bucket":"-1","time":1553547609947,"group":{"id":"settings","version":"8"},"event":{"data":{"created":1553547609947,"name":"confirmExit","value":true},"id":"GeneralSettings"}}
{"session":"65eef38b01fa","build":"183.4284.148","bucket":"-1","time":1553547609947,"group":{"id":"settings","version":"8"},"event":{"data":{"created":1553547609948,"name":"reopenLastProject","value":true},"id":"GeneralSettings"}}
{"session":"65eef38b01fa","build":"183.4284.148","bucket":"-1","time":1553547609947,"group":{"id":"settings","version":"8"},"event":{"data":{"created":1553547609948,"name":"saveOnFrameDeactivation","value":true},"id":"GeneralSettings"}}
{"session":"65eef38b01fa","build":"183.4284.148","bucket":"-1","time":1553547609947,"group":{"id":"settings","version":"8"},"event":{"data":{"created":1553547609948,"name":"searchInBackground","value":false},"id":"GeneralSettings"}}
{"session":"65eef38b01fa","build":"183.4284.148","bucket":"-1","time":1553547609947,"group":{"id":"settings","version":"8"},"event":{"data":{"created":1553547609948,"name":"showTipsOnStartup","value":true},"id":"GeneralSettings"}}
{"session":"65eef38b01fa","build":"183.4284.148","bucket":"-1","time":1553547609947,"group":{"id":"settings","version":"8"},"event":{"data":{"created":1553547609949,"name":"showWelcomeScreen","value":true},"id":"GeneralSettings"}}
{"session":"65eef38b01fa","build":"183.4284.148","bucket":"-1","time":1553547609947,"group":{"id":"settings","version":"8"},"event":{"data":{"created":1553547609949,"name":"supportScreenReaders","value":false},"id":"GeneralSettings"}}
{"session":"65eef38b01fa","build":"183.4284.148","bucket":"-1","time":1553547609947,"group":{"id":"settings","version":"8"},"event":{"data":{"created":1553547609949,"name":"syncOnFrameActivation","value":true},"id":"GeneralSettings"}}
{"session":"65eef38b01fa","build":"183.4284.148","bucket":"-1","time":1553547609947,"group":{"id":"settings","version":"8"},"event":{"data":{"created":1553547609949,"name":"useDefaultBrowser","value":true},"id":"GeneralSettings"}}
{"session":"65eef38b01fa","build":"183.4284.148","bucket":"-1","time":1553547609947,"group":{"id":"settings","version":"8"},"event":{"data":{"created":1553547609949,"name":"useSafeWrite","value":true},"id":"GeneralSettings"}}
{"session":"65eef38b01fa","build":"183.4284.148","bucket":"-1","time":1553547611234,"group":{"id":"statistics.lifecycle.app","version":"8"},"event":{"count":1,"data":{"created":1553547611235},"id":"ide.start"}}
{"session":"65eef38b01fa","build":"183.4284.148","bucket":"-1","time":1553547611236,"group":{"id":"lifecycle","version":"8"},"event":{"count":1,"data":{"created":1553547611236},"id":"app.started"}}
{"session":"65eef38b01fa","build":"183.4284.148","bucket":"-1","time":1553547614034,"group":{"id":"actions.v2","version":"8"},"event":{"count":1,"data":{"context_menu":false,"created":1553547614034,"data_1":"Windows"},"id":"WelcomeScreen.CreateNewProject"}}
{"session":"65eef38b01fa","build":"183.4284.148","bucket":"-1","time":1553547614751,"group":{"id":"ui.dialogs","version":"8"},"event":{"count":1,"data":{"created":1553547614751,"type":"show"},"id":"com.intellij.ide.projectWizard.NewProjectWizard"}}
{"session":"65eef38b01fa","build":"183.4284.148","bucket":"-1","time":1553547615399,"group":{"id":"ui.dialogs","version":"8"},"event":{"count":1,"data":{"created":1553547615399,"type":"show"},"id":"com.intellij.openapi.progress.util.ProgressDialog$MyDialogWrapper"}}
{"session":"65eef38b01fa","build":"183.4284.148","bucket":"-1","time":1553547615703,"group":{"id":"ui.dialogs","version":"8"},"event":{"count":1,"data":{"code":1,"created":1553547615703,"type":"close"},"id":"com.intellij.openapi.progress.util.ProgressDialog$MyDialogWrapper"}}
{"session":"65eef38b01fa","build":"183.4284.148","bucket":"-1","time":1553547618147,"group":{"id":"ui.dialogs","version":"8"},"event":{"count":1,"data":{"code":1,"created":1553547618147,"type":"close"},"id":"com.intellij.ide.projectWizard.NewProjectWizard"}}
{"session":"65eef38b01fa","build":"183.4284.148","bucket":"-1","time":1553547619155,"group":{"id":"actions.v2","version":"8"},"event":{"count":1,"data":{"context_menu":false,"created":1553547619155,"data_1":"Windows"},"id":"WelcomeScreen.OpenProject"}}
{"session":"65eef38b01fa","build":"183.4284.148","bucket":"-1","time":1553547619200,"group":{"id":"ui.dialogs","version":"8"},"event":{"count":1,"data":{"created":1553547619200,"type":"show"},"id":"com.intellij.openapi.fileChooser.ex.FileChooserDialogImpl"}}
{"session":"65eef38b01fa","build":"183.4284.148","bucket":"-1","time":1553547622659,"group":{"id":"statistics.productivity","version":"8"},"event":{"count":1,"data":{"created":1553547622659},"id":"ui.tree.speedsearch"}}
{"session":"65eef38b01fa","build":"183.4284.148","bucket":"-1","time":1553547626797,"group":{"id":"ui.dialogs","version":"8"},"event":{"count":1,"data":{"code":0,"created":1553547626797,"type":"close"},"id":"com.intellij.openapi.fileChooser.ex.FileChooserDialogImpl"}}
{"session":"65eef38b01fa","build":"183.4284.148","bucket":"-1","time":1553547627156,"group":{"id":"ui.dialogs","version":"8"},"event":{"count":1,"data":{"created":1553547627156,"type":"show"},"id":"com.intellij.openapi.progress.util.ProgressDialog$MyDialogWrapper"}}
{"session":"65eef38b01fa","build":"183.4284.148","bucket":"-1","time":1553547627670,"group":{"id":"statistics.lifecycle.project","version":"8"},"event":{"count":1,"data":{"created":1553547627670,"project":"1258997206"},"id":"project.opened"}}
{"session":"65eef38b01fa","build":"183.4284.148","bucket":"-1","time":1553547627670,"group":{"id":"lifecycle","version":"8"},"event":{"count":1,"data":{"created":1553547627670},"id":"project.opened"}}
{"session":"65eef38b01fa","build":"183.4284.148","bucket":"-1","time":1553547628501,"group":{"id":"statistics.lifecycle.app","version":"8"},"event":{"count":1,"data":{"created":1553547628501},"id":"ide.error"}}
{"session":"65eef38b01fa","build":"183.4284.148","bucket":"-1","time":1553547630323,"group":{"id":"statistics.ui.tips","version":"8"},"event":{"count":1,"data":{"created":1553547630323},"id":"shown.automatically"}}
{"session":"65eef38b01fa","build":"183.4284.148","bucket":"-1","time":1553547630344,"group":{"id":"ui.dialogs","version":"8"},"event":{"count":1,"data":{"created":1553547630344,"type":"show"},"id":"com.intellij.ide.util.TipDialog"}}
{"session":"65eef38b01fa","build":"183.4284.148","bucket":"-1","time":1553547630490,"group":{"id":"ui.dialogs","version":"8"},"event":{"count":1,"data":{"code":1,"created":1553547630490,"type":"close"},"id":"com.intellij.openapi.progress.util.ProgressDialog$MyDialogWrapper"}}
{"session":"65eef38b01fa","build":"183.4284.148","bucket":"-1","time":1553547631309,"group":{"id":"statistics.lifecycle.project","version":"8"},"event":{"count":1,"data":{"created":1553547631309,"project":"1258997206"},"id":"project.open.time.4"}}
{"session":"65eef38b01fa","build":"183.4284.148","bucket":"-1","time":1553547631309,"group":{"id":"lifecycle","version":"8"},"event":{"count":1,"data":{"created":1553547631309,"time.ms":4468},"id":"project.opening.finished"}}
{"session":"65eef38b01fa","build":"183.4284.148","bucket":"-1","time":1553547632124,"group":{"id":"ui.dialogs","version":"8"},"event":{"count":1,"data":{"code":1,"created":1553547632124,"type":"close"},"id":"com.intellij.ide.util.TipDialog"}}
{"session":"65eef38b01fa","build":"183.4284.148","bucket":"-1","time":1553547633310,"group":{"id":"ui.dialogs","version":"8"},"event":{"count":1,"data":{"created":1553547633310,"type":"show"},"id":"com.intellij.diagnostic.IdeMessagePanel$3"}}
{"session":"65eef38b01fa","build":"183.4284.148","bucket":"-1","time":1553547636803,"group":{"id":"ui.dialogs","version":"8"},"event":{"count":1,"data":{"code":1,"created":1553547636803,"type":"close"},"id":"com.intellij.diagnostic.IdeMessagePanel$3"}}
{"session":"65eef38b01fa","build":"183.4284.148","bucket":"-1","time":1553547881523,"group":{"id":"ui.dialogs","version":"8"},"event":{"count":1,"data":{"created":1553547881523,"type":"show"},"id":"com.intellij.openapi.ui.messages.MessageDialog"}}
{"session":"65eef38b01fa","build":"183.4284.148","bucket":"-1","time":1553547882676,"group":{"id":"statistics.lifecycle.app","version":"8"},"event":{"count":1,"data":{"created":1553547882676},"id":"ide.close"}}
{"session":"65eef38b01fa","build":"183.4284.148","bucket":"-1","time":1553547882676,"group":{"id":"lifecycle","version":"8"},"event":{"count":1,"data":{"restart":false,"created":1553547882676},"id":"app.closed"}}
{"session":"65eef38b01fa","build":"183.4284.148","bucket":"-1","time":1553547882705,"group":{"id":"statistics.lifecycle.project","version":"8"},"event":{"count":1,"data":{"created":1553547882705,"project":"1258997206"},"id":"project.closed"}}
{"session":"65eef38b01fa","build":"183.4284.148","bucket":"-1","time":1553547882884,"group":{"id":"lifecycle","version":"8"},"event":{"count":1,"data":{"created":1553547882884},"id":"project.closed"}}
