{"session":"2d2c6c00b56b","build":"183.4284.148","bucket":"-1","time":1553548166248,"group":{"id":"system.os.name","version":"8"},"event":{"data":{"created":1553548166248},"id":"Windows"}}
{"session":"2d2c6c00b56b","build":"183.4284.148","bucket":"-1","time":1553548166248,"group":{"id":"system.os.version","version":"8"},"event":{"data":{"created":1553548166257},"id":"10.0"}}
{"session":"2d2c6c00b56b","build":"183.4284.148","bucket":"-1","time":1553548166248,"group":{"id":"system.jvm.vendor","version":"8"},"event":{"data":{"created":1553548166264},"id":"JetBrains_s.r.o"}}
{"session":"2d2c6c00b56b","build":"183.4284.148","bucket":"-1","time":1553548166248,"group":{"id":"system.jvm.version","version":"8"},"event":{"data":{"created":1553548166264},"id":"1.8"}}
{"session":"2d2c6c00b56b","build":"183.4284.148","bucket":"-1","time":1553548166251,"group":{"id":"settings","version":"8"},"event":{"data":{"created":1553548166265,"name":"activeMruEditorOnClose","value":false},"id":"UISettings"}}
{"session":"2d2c6c00b56b","build":"183.4284.148","bucket":"-1","time":1553548166251,"group":{"id":"settings","version":"8"},"event":{"data":{"created":1553548166265,"name":"activeRightEditorOnClose","value":false},"id":"UISettings"}}
{"session":"2d2c6c00b56b","build":"183.4284.148","bucket":"-1","time":1553548166251,"group":{"id":"settings","version":"8"},"event":{"data":{"created":1553548166266,"name":"allowMergeButtons","value":true},"id":"UISettings"}}
{"session":"2d2c6c00b56b","build":"183.4284.148","bucket":"-1","time":1553548166251,"group":{"id":"settings","version":"8"},"event":{"data":{"created":1553548166266,"name":"alwaysShowWindowsButton","value":false},"id":"UISettings"}}
{"session":"2d2c6c00b56b","build":"183.4284.148","bucket":"-1","time":1553548166251,"group":{"id":"settings","version":"8"},"event":{"data":{"created":1553548166266,"name":"animateWindows","value":true},"id":"UISettings"}}
{"session":"2d2c6c00b56b","build":"183.4284.148","bucket":"-1","time":1553548166251,"group":{"id":"settings","version":"8"},"event":{"data":{"created":1553548166266,"name":"closeNonModifiedFilesFirst","value":false},"id":"UISettings"}}
{"session":"2d2c6c00b56b","build":"183.4284.148","bucket":"-1","time":1553548166251,"group":{"id":"settings","version":"8"},"event":{"data":{"created":1553548166267,"name":"closeTabButtonOnTheRight","value":true},"id":"UISettings"}}
{"session":"2d2c6c00b56b","build":"183.4284.148","bucket":"-1","time":1553548166251,"group":{"id":"settings","version":"8"},"event":{"data":{"created":1553548166267,"name":"cycleScrolling","value":true},"id":"UISettings"}}
{"session":"2d2c6c00b56b","build":"183.4284.148","bucket":"-1","time":1553548166251,"group":{"id":"settings","version":"8"},"event":{"data":{"created":1553548166268,"name":"defaultAutoScrollToSource","value":false},"id":"UISettings"}}
{"session":"2d2c6c00b56b","build":"183.4284.148","bucket":"-1","time":1553548166251,"group":{"id":"settings","version":"8"},"event":{"data":{"created":1553548166268,"name":"disableMnemonics","value":false},"id":"UISettings"}}
{"session":"2d2c6c00b56b","build":"183.4284.148","bucket":"-1","time":1553548166251,"group":{"id":"settings","version":"8"},"event":{"data":{"created":1553548166269,"name":"disableMnemonicsInControls","value":false},"id":"UISettings"}}
{"session":"2d2c6c00b56b","build":"183.4284.148","bucket":"-1","time":1553548166251,"group":{"id":"settings","version":"8"},"event":{"data":{"created":1553548166269,"name":"dndWithPressedAltOnly","value":false},"id":"UISettings"}}
{"session":"2d2c6c00b56b","build":"183.4284.148","bucket":"-1","time":1553548166251,"group":{"id":"settings","version":"8"},"event":{"data":{"created":1553548166270,"name":"enableAlphaMode","value":false},"id":"UISettings"}}
{"session":"2d2c6c00b56b","build":"183.4284.148","bucket":"-1","time":1553548166251,"group":{"id":"settings","version":"8"},"event":{"data":{"created":1553548166270,"name":"hideKnownExtensionInTabs","value":false},"id":"UISettings"}}
{"session":"2d2c6c00b56b","build":"183.4284.148","bucket":"-1","time":1553548166251,"group":{"id":"settings","version":"8"},"event":{"data":{"created":1553548166270,"name":"hideNavigationOnFocusLoss","value":true},"id":"UISettings"}}
{"session":"2d2c6c00b56b","build":"183.4284.148","bucket":"-1","time":1553548166251,"group":{"id":"settings","version":"8"},"event":{"data":{"created":1553548166271,"name":"hideTabsIfNeed","value":true},"id":"UISettings"}}
{"session":"2d2c6c00b56b","build":"183.4284.148","bucket":"-1","time":1553548166251,"group":{"id":"settings","version":"8"},"event":{"data":{"created":1553548166272,"name":"hideToolStripes","value":false},"id":"UISettings"}}
{"session":"2d2c6c00b56b","build":"183.4284.148","bucket":"-1","time":1553548166251,"group":{"id":"settings","version":"8"},"event":{"data":{"created":1553548166272,"name":"leftHorizontalSplit","value":false},"id":"UISettings"}}
{"session":"2d2c6c00b56b","build":"183.4284.148","bucket":"-1","time":1553548166251,"group":{"id":"settings","version":"8"},"event":{"data":{"created":1553548166272,"name":"markModifiedTabsWithAsterisk","value":false},"id":"UISettings"}}
{"session":"2d2c6c00b56b","build":"183.4284.148","bucket":"-1","time":1553548166251,"group":{"id":"settings","version":"8"},"event":{"data":{"created":1553548166273,"name":"mergeEqualStackTraces","value":true},"id":"UISettings"}}
{"session":"2d2c6c00b56b","build":"183.4284.148","bucket":"-1","time":1553548166251,"group":{"id":"settings","version":"8"},"event":{"data":{"created":1553548166273,"name":"moveMouseOnDefaultButton","value":false},"id":"UISettings"}}
{"session":"2d2c6c00b56b","build":"183.4284.148","bucket":"-1","time":1553548166251,"group":{"id":"settings","version":"8"},"event":{"data":{"created":1553548166274,"name":"navigateToPreview","value":false},"id":"UISettings"}}
{"session":"2d2c6c00b56b","build":"183.4284.148","bucket":"-1","time":1553548166251,"group":{"id":"settings","version":"8"},"event":{"data":{"created":1553548166274,"name":"overrideConsoleCycleBufferSize","value":false},"id":"UISettings"}}
{"session":"2d2c6c00b56b","build":"183.4284.148","bucket":"-1","time":1553548166251,"group":{"id":"settings","version":"8"},"event":{"data":{"created":1553548166274,"name":"overrideLafFonts","value":false},"id":"UISettings"}}
{"session":"2d2c6c00b56b","build":"183.4284.148","bucket":"-1","time":1553548166251,"group":{"id":"settings","version":"8"},"event":{"data":{"created":1553548166275,"name":"pinFindInPath","value":false},"id":"UISettings"}}
{"session":"2d2c6c00b56b","build":"183.4284.148","bucket":"-1","time":1553548166251,"group":{"id":"settings","version":"8"},"event":{"data":{"created":1553548166275,"name":"presentationMode","value":false},"id":"UISettings"}}
{"session":"2d2c6c00b56b","build":"183.4284.148","bucket":"-1","time":1553548166251,"group":{"id":"settings","version":"8"},"event":{"data":{"created":1553548166276,"name":"reuseNotModifiedTabs","value":false},"id":"UISettings"}}
{"session":"2d2c6c00b56b","build":"183.4284.148","bucket":"-1","time":1553548166251,"group":{"id":"settings","version":"8"},"event":{"data":{"created":1553548166276,"name":"rightHorizontalSplit","value":false},"id":"UISettings"}}
{"session":"2d2c6c00b56b","build":"183.4284.148","bucket":"-1","time":1553548166251,"group":{"id":"settings","version":"8"},"event":{"data":{"created":1553548166276,"name":"scrollTabLayoutInEditor","value":true},"id":"UISettings"}}
{"session":"2d2c6c00b56b","build":"183.4284.148","bucket":"-1","time":1553548166251,"group":{"id":"settings","version":"8"},"event":{"data":{"created":1553548166277,"name":"showCloseButton","value":true},"id":"UISettings"}}
{"session":"2d2c6c00b56b","build":"183.4284.148","bucket":"-1","time":1553548166251,"group":{"id":"settings","version":"8"},"event":{"data":{"created":1553548166277,"name":"showDirectoryForNonUniqueFilenames","value":true},"id":"UISettings"}}
{"session":"2d2c6c00b56b","build":"183.4284.148","bucket":"-1","time":1553548166251,"group":{"id":"settings","version":"8"},"event":{"data":{"created":1553548166277,"name":"showEditorToolTip","value":true},"id":"UISettings"}}
{"session":"2d2c6c00b56b","build":"183.4284.148","bucket":"-1","time":1553548166251,"group":{"id":"settings","version":"8"},"event":{"data":{"created":1553548166278,"name":"showIconInQuickNavigation","value":true},"id":"UISettings"}}
{"session":"2d2c6c00b56b","build":"183.4284.148","bucket":"-1","time":1553548166251,"group":{"id":"settings","version":"8"},"event":{"data":{"created":1553548166278,"name":"showIconsInMenus","value":true},"id":"UISettings"}}
{"session":"2d2c6c00b56b","build":"183.4284.148","bucket":"-1","time":1553548166251,"group":{"id":"settings","version":"8"},"event":{"data":{"created":1553548166279,"name":"showMainToolbar","value":false},"id":"UISettings"}}
{"session":"2d2c6c00b56b","build":"183.4284.148","bucket":"-1","time":1553548166251,"group":{"id":"settings","version":"8"},"event":{"data":{"created":1553548166279,"name":"showMemoryIndicator","value":false},"id":"UISettings"}}
{"session":"2d2c6c00b56b","build":"183.4284.148","bucket":"-1","time":1553548166251,"group":{"id":"settings","version":"8"},"event":{"data":{"created":1553548166279,"name":"showNavigationBar","value":true},"id":"UISettings"}}
{"session":"2d2c6c00b56b","build":"183.4284.148","bucket":"-1","time":1553548166251,"group":{"id":"settings","version":"8"},"event":{"data":{"created":1553548166280,"name":"showStatusBar","value":true},"id":"UISettings"}}
{"session":"2d2c6c00b56b","build":"183.4284.148","bucket":"-1","time":1553548166251,"group":{"id":"settings","version":"8"},"event":{"data":{"created":1553548166280,"name":"showTabsTooltips","value":true},"id":"UISettings"}}
{"session":"2d2c6c00b56b","build":"183.4284.148","bucket":"-1","time":1553548166251,"group":{"id":"settings","version":"8"},"event":{"data":{"created":1553548166280,"name":"showToolWindowsNumbers","value":true},"id":"UISettings"}}
{"session":"2d2c6c00b56b","build":"183.4284.148","bucket":"-1","time":1553548166251,"group":{"id":"settings","version":"8"},"event":{"data":{"created":1553548166280,"name":"smoothScrolling","value":false},"id":"UISettings"}}
{"session":"2d2c6c00b56b","build":"183.4284.148","bucket":"-1","time":1553548166251,"group":{"id":"settings","version":"8"},"event":{"data":{"created":1553548166281,"name":"sortBookmarks","value":false},"id":"UISettings"}}
{"session":"2d2c6c00b56b","build":"183.4284.148","bucket":"-1","time":1553548166251,"group":{"id":"settings","version":"8"},"event":{"data":{"created":1553548166281,"name":"sortLookupElementsLexicographically","value":false},"id":"UISettings"}}
{"session":"2d2c6c00b56b","build":"183.4284.148","bucket":"-1","time":1553548166251,"group":{"id":"settings","version":"8"},"event":{"data":{"created":1553548166281,"name":"useSmallLabelsOnTabs","value":false},"id":"UISettings"}}
{"session":"2d2c6c00b56b","build":"183.4284.148","bucket":"-1","time":1553548166251,"group":{"id":"settings","version":"8"},"event":{"data":{"created":1553548166281,"name":"wideScreenSupport","value":false},"id":"UISettings"}}
{"session":"2d2c6c00b56b","build":"183.4284.148","bucket":"-1","time":1553548166750,"group":{"id":"settings","version":"8"},"event":{"data":{"created":1553548166750,"name":"autoSaveIfInactive","value":false},"id":"GeneralSettings"}}
{"session":"2d2c6c00b56b","build":"183.4284.148","bucket":"-1","time":1553548166750,"group":{"id":"settings","version":"8"},"event":{"data":{"created":1553548166751,"name":"confirmExit","value":true},"id":"GeneralSettings"}}
{"session":"2d2c6c00b56b","build":"183.4284.148","bucket":"-1","time":1553548166750,"group":{"id":"settings","version":"8"},"event":{"data":{"created":1553548166751,"name":"reopenLastProject","value":true},"id":"GeneralSettings"}}
{"session":"2d2c6c00b56b","build":"183.4284.148","bucket":"-1","time":1553548166751,"group":{"id":"settings","version":"8"},"event":{"data":{"created":1553548166751,"name":"saveOnFrameDeactivation","value":true},"id":"GeneralSettings"}}
{"session":"2d2c6c00b56b","build":"183.4284.148","bucket":"-1","time":1553548166751,"group":{"id":"settings","version":"8"},"event":{"data":{"created":1553548166752,"name":"searchInBackground","value":false},"id":"GeneralSettings"}}
{"session":"2d2c6c00b56b","build":"183.4284.148","bucket":"-1","time":1553548166751,"group":{"id":"settings","version":"8"},"event":{"data":{"created":1553548166752,"name":"showTipsOnStartup","value":true},"id":"GeneralSettings"}}
{"session":"2d2c6c00b56b","build":"183.4284.148","bucket":"-1","time":1553548166751,"group":{"id":"settings","version":"8"},"event":{"data":{"created":1553548166752,"name":"showWelcomeScreen","value":true},"id":"GeneralSettings"}}
{"session":"2d2c6c00b56b","build":"183.4284.148","bucket":"-1","time":1553548166751,"group":{"id":"settings","version":"8"},"event":{"data":{"created":1553548166752,"name":"supportScreenReaders","value":false},"id":"GeneralSettings"}}
{"session":"2d2c6c00b56b","build":"183.4284.148","bucket":"-1","time":1553548166751,"group":{"id":"settings","version":"8"},"event":{"data":{"created":1553548166752,"name":"syncOnFrameActivation","value":true},"id":"GeneralSettings"}}
{"session":"2d2c6c00b56b","build":"183.4284.148","bucket":"-1","time":1553548166751,"group":{"id":"settings","version":"8"},"event":{"data":{"created":1553548166753,"name":"useDefaultBrowser","value":true},"id":"GeneralSettings"}}
{"session":"2d2c6c00b56b","build":"183.4284.148","bucket":"-1","time":1553548166751,"group":{"id":"settings","version":"8"},"event":{"data":{"created":1553548166753,"name":"useSafeWrite","value":true},"id":"GeneralSettings"}}
{"session":"2d2c6c00b56b","build":"183.4284.148","bucket":"-1","time":1553548168258,"group":{"id":"ui.dialogs","version":"8"},"event":{"count":1,"data":{"created":1553548168258,"type":"show"},"id":"com.intellij.openapi.progress.util.ProgressDialog$MyDialogWrapper"}}
{"session":"2d2c6c00b56b","build":"183.4284.148","bucket":"-1","time":1553548169685,"group":{"id":"ui.dialogs","version":"8"},"event":{"count":1,"data":{"code":1,"created":1553548169685,"type":"close"},"id":"com.intellij.openapi.progress.util.ProgressDialog$MyDialogWrapper"}}
{"session":"2d2c6c00b56b","build":"183.4284.148","bucket":"-1","time":1553548169722,"group":{"id":"statistics.lifecycle.project","version":"8"},"event":{"count":1,"data":{"created":1553548169722,"project":"1258997206"},"id":"project.opened"}}
{"session":"2d2c6c00b56b","build":"183.4284.148","bucket":"-1","time":1553548169725,"group":{"id":"lifecycle","version":"8"},"event":{"count":1,"data":{"created":1553548169725},"id":"project.opened"}}
{"session":"2d2c6c00b56b","build":"183.4284.148","bucket":"-1","time":1553548170416,"group":{"id":"ui.dialogs","version":"8"},"event":{"count":1,"data":{"created":1553548170416,"type":"show"},"id":"com.intellij.openapi.progress.util.ProgressDialog$MyDialogWrapper"}}
{"session":"2d2c6c00b56b","build":"183.4284.148","bucket":"-1","time":1553548171798,"group":{"id":"statistics.lifecycle.app","version":"8"},"event":{"count":1,"data":{"created":1553548171798},"id":"ide.start"}}
{"session":"2d2c6c00b56b","build":"183.4284.148","bucket":"-1","time":1553548171798,"group":{"id":"lifecycle","version":"8"},"event":{"count":1,"data":{"created":1553548171798},"id":"app.started"}}
{"session":"2d2c6c00b56b","build":"183.4284.148","bucket":"-1","time":1553548172140,"group":{"id":"statistics.ui.tips","version":"8"},"event":{"count":1,"data":{"created":1553548172140},"id":"shown.automatically"}}
{"session":"2d2c6c00b56b","build":"183.4284.148","bucket":"-1","time":1553548172190,"group":{"id":"ui.dialogs","version":"8"},"event":{"count":1,"data":{"created":1553548172190,"type":"show"},"id":"com.intellij.ide.util.TipDialog"}}
{"session":"2d2c6c00b56b","build":"183.4284.148","bucket":"-1","time":1553548172508,"group":{"id":"toolwindow","version":"8"},"event":{"count":1,"data":{"created":1553548172508,"data_1":"Windows"},"id":"Project_by_Activation"}}
{"session":"2d2c6c00b56b","build":"183.4284.148","bucket":"-1","time":1553548172840,"group":{"id":"ui.dialogs","version":"8"},"event":{"count":1,"data":{"code":1,"created":1553548172840,"type":"close"},"id":"com.intellij.openapi.progress.util.ProgressDialog$MyDialogWrapper"}}
{"session":"2d2c6c00b56b","build":"183.4284.148","bucket":"-1","time":1553548172983,"group":{"id":"statistics.lifecycle.project","version":"8"},"event":{"count":1,"data":{"created":1553548172983,"project":"1258997206"},"id":"project.open.time.5"}}
{"session":"2d2c6c00b56b","build":"183.4284.148","bucket":"-1","time":1553548172983,"group":{"id":"lifecycle","version":"8"},"event":{"count":1,"data":{"created":1553548172984,"time.ms":5224},"id":"project.opening.finished"}}
{"session":"2d2c6c00b56b","build":"183.4284.148","bucket":"-1","time":1553548175820,"group":{"id":"ui.dialogs","version":"8"},"event":{"count":1,"data":{"code":1,"created":1553548175820,"type":"close"},"id":"com.intellij.ide.util.TipDialog"}}
